*** Using Compiler 'V5.06 update 6 (build 750)', folder: 'C:\Keil_v5\ARM\ARMCC\Bin'
Build target 'Vacuum_Controller'
compiling key.c...
../Inc/led.h(8): error:  #130: expected a "{"
  void LED_Init(void);
../Inc/led.h(13): warning:  #12-D: parsing restarts here after previous syntax error
  struct _rgb{
../Inc/led.h(14): warning:  #177-D: variable "R_status"  was declared but never referenced
      uint8_t R_status;           //RGBçš„RçŠ¶æ€ï¼š0ä¸ºç†„ç­ï¼Œ1ä¸ºå¼€å?
../Inc/led.h(15): warning:  #177-D: variable "G_status"  was declared but never referenced
      uint8_t G_status;           //RGBçš„GçŠ¶æ€ï¼š0ä¸ºç†„ç­ï¼Œ1ä¸ºå¼€å?
../Inc/led.h(16): warning:  #177-D: variable "B_status"  was declared but never referenced
      uint8_t B_status;           //RGBçš„BçŠ¶æ€ï¼š0ä¸ºç†„ç­ï¼Œ1ä¸ºå¼€å?
../Inc/led.h(20): warning:  #231-D: declaration is not visible outside of function
  void RGB_Init(struct _rgb *rgb);
../Inc/led.h(21): warning:  #231-D: declaration is not visible outside of function
  void RGB_Change(struct _rgb *rgb, uint8_t status);
../Inc/relay.h(15): error:  #130: expected a "{"
  void RELAY_OpenRelay(struct _relay *relay);
../Inc/work_system.h(20): warning:  #12-D: parsing restarts here after previous syntax error
  struct _system{
../Inc/work_system.h(21): error:  #70: incomplete type is not allowed
  	struct _pump pump;		//åˆ›å»ºä¸€ä¸ªæ³µ
../Inc/work_system.h(22): error:  #70: incomplete type is not allowed
  	struct _pid pid;		//åˆ›å»ºä¸€ä¸ªpid
../Inc/work_system.h(27): error:  #70: incomplete type is not allowed
  	struct _rgb rgb;//åˆ›å»ºRGBç?
../Inc/work_system.h(23): warning:  #177-D: variable "pid_mode"  was declared but never referenced
  	uint8_t pid_mode;			//pidæ¨¡å¼ï¼?0ä¸ºç§¯åˆ†åˆ†ç¦»pidï¼?1ä¸ºæ¨¡ç³Špid
../Inc/work_system.h(24): warning:  #177-D: variable "hp5806_A"  was declared but never referenced
  	struct HP5806 hp5806_A, hp5806_B;	//åˆ›å»ºå¤–ç½®ä¸æ¿è½½ä¼ æ„Ÿå™¨
../Inc/work_system.h(24): warning:  #177-D: variable "hp5806_B"  was declared but never referenced
  	struct HP5806 hp5806_A, hp5806_B;	//åˆ›å»ºå¤–ç½®ä¸æ¿è½½ä¼ æ„Ÿå™¨
../Inc/work_system.h(25): warning:  #177-D: variable "set_value"  was declared but never referenced
  	float set_value; //è®¾å®šè´Ÿå‹
../Inc/work_system.h(26): warning:  #177-D: variable "relay_A"  was declared but never referenced
  	struct _relay relay_A; //åˆ›å»ºç»§ç”µå™?1
../Inc/work_system.h(28): warning:  #177-D: variable "leak_status"  was declared but never referenced
  	uint8_t leak_status;			//æ³„æ¼æ ‡å¿—ä½ï¼š0ä¸ºæœªæ³„æ¼ï¼?1ä¸ºæ³„æ¼?
../Inc/work_system.h(29): warning:  #177-D: variable "wifi_status"  was declared but never referenced
  	uint8_t wifi_status;			//wifiæ ‡å¿—ä½ï¼š0ä¸ºæœªè¿æ¥ï¼?1ä¸ºå·²è¿æ¥
../Inc/work_system.h(30): warning:  #177-D: variable "sys_last_status"  was declared but never referenced
  	uint8_t sys_last_status;		//ä¸Šæ¬¡å·¥ä½œçŠ¶æ€?
../Inc/work_system.h(31): warning:  #177-D: variable "sys_status"  was declared but never referenced
      uint8_t sys_status;            	//ç³»ç»Ÿå·¥ä½œçŠ¶æ€ï¼š1-å‡†å¤‡æ€ã€?2-è¿è¡Œæ€ã€?3-æ•…éšœæ€ã€?4-æ€¥åœæ€ã€?5-è°ƒè¯•æ€ã€?6-æ‰‹åŠ¨æ€?
../Inc/pump.h(10): warning:  #231-D: declaration is not visible outside of function
  void PUMP_changeSpeed(struct _pump *pump, int16_t speed);
../Inc/pump.h(11): warning:  #231-D: declaration is not visible outside of function
  void PUMP_openPump(struct _pump *pump);
../Inc/pump.h(12): warning:  #231-D: declaration is not visible outside of function
  void PUMP_closePump(struct _pump *pump);
../Inc/pump.h(13): warning:  #231-D: declaration is not visible outside of function
  void PUMP_init(struct _pump *pump);
..\Src\key.c: 20 warnings, 5 errors
compiling pump.c...
../Inc/led.h(8): error:  #130: expected a "{"
  void LED_Init(void);
../Inc/led.h(13): warning:  #12-D: parsing restarts here after previous syntax error
  struct _rgb{
../Inc/led.h(14): warning:  #177-D: variable "R_status"  was declared but never referenced
      uint8_t R_status;           //RGBçš„RçŠ¶æ€ï¼š0ä¸ºç†„ç­ï¼Œ1ä¸ºå¼€å?
../Inc/led.h(15): warning:  #177-D: variable "G_status"  was declared but never referenced
      uint8_t G_status;           //RGBçš„GçŠ¶æ€ï¼š0ä¸ºç†„ç­ï¼Œ1ä¸ºå¼€å?
../Inc/led.h(16): warning:  #177-D: variable "B_status"  was declared but never referenced
      uint8_t B_status;           //RGBçš„BçŠ¶æ€ï¼š0ä¸ºç†„ç­ï¼Œ1ä¸ºå¼€å?
../Inc/led.h(20): warning:  #231-D: declaration is not visible outside of function
  void RGB_Init(struct _rgb *rgb);
../Inc/led.h(21): warning:  #231-D: declaration is not visible outside of function
  void RGB_Change(struct _rgb *rgb, uint8_t status);
../Inc/relay.h(15): error:  #130: expected a "{"
  void RELAY_OpenRelay(struct _relay *relay);
../Inc/work_system.h(20): warning:  #12-D: parsing restarts here after previous syntax error
  struct _system{
../Inc/work_system.h(21): error:  #70: incomplete type is not allowed
  	struct _pump pump;		//åˆ›å»ºä¸€ä¸ªæ³µ
../Inc/work_system.h(22): error:  #70: incomplete type is not allowed
  	struct _pid pid;		//åˆ›å»ºä¸€ä¸ªpid
../Inc/work_system.h(27): error:  #70: incomplete type is not allowed
  	struct _rgb rgb;//åˆ›å»ºRGBç?
../Inc/work_system.h(23): warning:  #177-D: variable "pid_mode"  was declared but never referenced
  	uint8_t pid_mode;			//pidæ¨¡å¼ï¼?0ä¸ºç§¯åˆ†åˆ†ç¦»pidï¼?1ä¸ºæ¨¡ç³Špid
../Inc/work_system.h(24): warning:  #177-D: variable "hp5806_A"  was declared but never referenced
  	struct HP5806 hp5806_A, hp5806_B;	//åˆ›å»ºå¤–ç½®ä¸æ¿è½½ä¼ æ„Ÿå™¨
../Inc/work_system.h(24): warning:  #177-D: variable "hp5806_B"  was declared but never referenced
  	struct HP5806 hp5806_A, hp5806_B;	//åˆ›å»ºå¤–ç½®ä¸æ¿è½½ä¼ æ„Ÿå™¨
../Inc/work_system.h(25): warning:  #177-D: variable "set_value"  was declared but never referenced
  	float set_value; //è®¾å®šè´Ÿå‹
../Inc/work_system.h(26): warning:  #177-D: variable "relay_A"  was declared but never referenced
  	struct _relay relay_A; //åˆ›å»ºç»§ç”µå™?1
../Inc/work_system.h(28): warning:  #177-D: variable "leak_status"  was declared but never referenced
  	uint8_t leak_status;			//æ³„æ¼æ ‡å¿—ä½ï¼š0ä¸ºæœªæ³„æ¼ï¼?1ä¸ºæ³„æ¼?
../Inc/work_system.h(29): warning:  #177-D: variable "wifi_status"  was declared but never referenced
  	uint8_t wifi_status;			//wifiæ ‡å¿—ä½ï¼š0ä¸ºæœªè¿æ¥ï¼?1ä¸ºå·²è¿æ¥
../Inc/work_system.h(30): warning:  #177-D: variable "sys_last_status"  was declared but never referenced
  	uint8_t sys_last_status;		//ä¸Šæ¬¡å·¥ä½œçŠ¶æ€?
../Inc/work_system.h(31): warning:  #177-D: variable "sys_status"  was declared but never referenced
      uint8_t sys_status;            	//ç³»ç»Ÿå·¥ä½œçŠ¶æ€ï¼š1-å‡†å¤‡æ€ã€?2-è¿è¡Œæ€ã€?3-æ•…éšœæ€ã€?4-æ€¥åœæ€ã€?5-è°ƒè¯•æ€ã€?6-æ‰‹åŠ¨æ€?
../Inc/pump.h(10): warning:  #231-D: declaration is not visible outside of function
  void PUMP_changeSpeed(struct _pump *pump, int16_t speed);
../Inc/pump.h(11): warning:  #231-D: declaration is not visible outside of function
  void PUMP_openPump(struct _pump *pump);
../Inc/pump.h(12): warning:  #231-D: declaration is not visible outside of function
  void PUMP_closePump(struct _pump *pump);
../Inc/pump.h(13): warning:  #231-D: declaration is not visible outside of function
  void PUMP_init(struct _pump *pump);
..\Src\pump.c(3): error:  #147-D: declaration is incompatible with "void PUMP_init(struct _pump *)"  (declared at line 13 of "../Inc/pump.h")
  void PUMP_init(struct _pump *pump)
..\Src\pump.c(5): error:  #167: argument of type "struct _pump *" is incompatible with parameter of type "struct _pump *"
  	PUMP_openPump(pump);
..\Src\pump.c(6): error:  #167: argument of type "struct _pump *" is incompatible with parameter of type "struct _pump *"
  	PUMP_changeSpeed(pump, 0);
..\Src\pump.c(10): error:  #147-D: declaration is incompatible with "void PUMP_changeSpeed(struct _pump *, int16_t)"  (declared at line 10 of "../Inc/pump.h")
  void PUMP_changeSpeed(struct _pump *pump, int16_t speed)
..\Src\pump.c(19): error:  #147-D: declaration is incompatible with "void PUMP_openPump(struct _pump *)"  (declared at line 11 of "../Inc/pump.h")
  void PUMP_openPump(struct _pump *pump)
..\Src\pump.c(26): error:  #147-D: declaration is incompatible with "void PUMP_closePump(struct _pump *)"  (declared at line 12 of "../Inc/pump.h")
  void PUMP_closePump(struct _pump *pump)
..\Src\pump.c: 20 warnings, 11 errors
compiling work_system.c...
../Inc/led.h(8): error:  #130: expected a "{"
  void LED_Init(void);
../Inc/led.h(13): warning:  #12-D: parsing restarts here after previous syntax error
  struct _rgb{
../Inc/led.h(14): warning:  #177-D: variable "R_status"  was declared but never referenced
      uint8_t R_status;           //RGBçš„RçŠ¶æ€ï¼š0ä¸ºç†„ç­ï¼Œ1ä¸ºå¼€å?
../Inc/led.h(15): warning:  #177-D: variable "G_status"  was declared but never referenced
      uint8_t G_status;           //RGBçš„GçŠ¶æ€ï¼š0ä¸ºç†„ç­ï¼Œ1ä¸ºå¼€å?
../Inc/led.h(16): warning:  #177-D: variable "B_status"  was declared but never referenced
      uint8_t B_status;           //RGBçš„BçŠ¶æ€ï¼š0ä¸ºç†„ç­ï¼Œ1ä¸ºå¼€å?
../Inc/led.h(20): warning:  #231-D: declaration is not visible outside of function
  void RGB_Init(struct _rgb *rgb);
../Inc/led.h(21): warning:  #231-D: declaration is not visible outside of function
  void RGB_Change(struct _rgb *rgb, uint8_t status);
../Inc/relay.h(15): error:  #130: expected a "{"
  void RELAY_OpenRelay(struct _relay *relay);
../Inc/pump.h(28): warning:  #12-D: parsing restarts here after previous syntax error
  struct _pump{
../Inc/pump.h(29): warning:  #177-D: variable "pwm"  was declared but never referenced
      float pwm;            		//æ³µçš„å ç©ºæ¯?,èŒƒå›´0%-100%ä¹‹é—´çš„æµ®ç‚¹æ•°
../Inc/pump.h(30): warning:  #177-D: variable "status"  was declared but never referenced
  	uint8_t status;            	//æ³µçš„çŠ¶æ€?: 0ä¸ºåœæ­¢ï¼Œ1ä¸ºè¿è¡Œæˆ–å‡†å¤‡
../Inc/pump.h(31): warning:  #177-D: variable "frequency"  was declared but never referenced
  	float frequency;          //æ³µçš„è¿è¡Œé¢‘ç‡ï¼Œå•ä½ä¸ºHz
../Inc/work_system.h(21): error:  #70: incomplete type is not allowed
  	struct _pump pump;		//åˆ›å»ºä¸€ä¸ªæ³µ
../Inc/work_system.h(27): error:  #70: incomplete type is not allowed
  	struct _rgb rgb;//åˆ›å»ºRGBç?
..\Src\work_system.c(6): warning:  #223-D: function "PUMP_init" declared implicitly
  	PUMP_init(&system.pump);
..\Src\work_system.c(30): warning:  #223-D: function "PUMP_changeSpeed" declared implicitly
  	PUMP_changeSpeed(&system.pump, 0);
..\Src\work_system.c(31): warning:  #223-D: function "PUMP_openPump" declared implicitly
  	PUMP_openPump(&system.pump);
..\Src\work_system.c(38): warning:  #223-D: function "PUMP_openPump" declared implicitly
  	PUMP_openPump(&system.pump);
..\Src\work_system.c(45): warning:  #223-D: function "PUMP_openPump" declared implicitly
  	PUMP_openPump(&system.pump);
..\Src\work_system.c(52): warning:  #223-D: function "PUMP_closePump" declared implicitly
  	PUMP_closePump(&system.pump);
..\Src\work_system.c(59): warning:  #223-D: function "ChangeSpeed" declared implicitly
  	ChangeSpeed(0);
..\Src\work_system.c(60): warning:  #223-D: function "PUMP_openPump" declared implicitly
  	PUMP_openPump(&system.pump);
..\Src\work_system.c: 18 warnings, 4 errors
compiling pid.c...
../Inc/led.h(8): error:  #130: expected a "{"
  void LED_Init(void);
../Inc/led.h(13): warning:  #12-D: parsing restarts here after previous syntax error
  struct _rgb{
../Inc/led.h(14): warning:  #177-D: variable "R_status"  was declared but never referenced
      uint8_t R_status;           //RGBçš„RçŠ¶æ€ï¼š0ä¸ºç†„ç­ï¼Œ1ä¸ºå¼€å?
../Inc/led.h(15): warning:  #177-D: variable "G_status"  was declared but never referenced
      uint8_t G_status;           //RGBçš„GçŠ¶æ€ï¼š0ä¸ºç†„ç­ï¼Œ1ä¸ºå¼€å?
../Inc/led.h(16): warning:  #177-D: variable "B_status"  was declared but never referenced
      uint8_t B_status;           //RGBçš„BçŠ¶æ€ï¼š0ä¸ºç†„ç­ï¼Œ1ä¸ºå¼€å?
../Inc/led.h(20): warning:  #231-D: declaration is not visible outside of function
  void RGB_Init(struct _rgb *rgb);
../Inc/led.h(21): warning:  #231-D: declaration is not visible outside of function
  void RGB_Change(struct _rgb *rgb, uint8_t status);
../Inc/relay.h(15): error:  #130: expected a "{"
  void RELAY_OpenRelay(struct _relay *relay);
../Inc/work_system.h(20): warning:  #12-D: parsing restarts here after previous syntax error
  struct _system{
../Inc/work_system.h(21): error:  #70: incomplete type is not allowed
  	struct _pump pump;		//åˆ›å»ºä¸€ä¸ªæ³µ
../Inc/work_system.h(22): error:  #70: incomplete type is not allowed
  	struct _pid pid;		//åˆ›å»ºä¸€ä¸ªpid
../Inc/work_system.h(27): error:  #70: incomplete type is not allowed
  	struct _rgb rgb;//åˆ›å»ºRGBç?
../Inc/work_system.h(23): warning:  #177-D: variable "pid_mode"  was declared but never referenced
  	uint8_t pid_mode;			//pidæ¨¡å¼ï¼?0ä¸ºç§¯åˆ†åˆ†ç¦»pidï¼?1ä¸ºæ¨¡ç³Špid
../Inc/work_system.h(24): warning:  #177-D: variable "hp5806_A"  was declared but never referenced
  	struct HP5806 hp5806_A, hp5806_B;	//åˆ›å»ºå¤–ç½®ä¸æ¿è½½ä¼ æ„Ÿå™¨
../Inc/work_system.h(24): warning:  #177-D: variable "hp5806_B"  was declared but never referenced
  	struct HP5806 hp5806_A, hp5806_B;	//åˆ›å»ºå¤–ç½®ä¸æ¿è½½ä¼ æ„Ÿå™¨
../Inc/work_system.h(25): warning:  #177-D: variable "set_value"  was declared but never referenced
  	float set_value; //è®¾å®šè´Ÿå‹
../Inc/work_system.h(26): warning:  #177-D: variable "relay_A"  was declared but never referenced
  	struct _relay relay_A; //åˆ›å»ºç»§ç”µå™?1
../Inc/work_system.h(28): warning:  #177-D: variable "leak_status"  was declared but never referenced
  	uint8_t leak_status;			//æ³„æ¼æ ‡å¿—ä½ï¼š0ä¸ºæœªæ³„æ¼ï¼?1ä¸ºæ³„æ¼?
../Inc/work_system.h(29): warning:  #177-D: variable "wifi_status"  was declared but never referenced
  	uint8_t wifi_status;			//wifiæ ‡å¿—ä½ï¼š0ä¸ºæœªè¿æ¥ï¼?1ä¸ºå·²è¿æ¥
../Inc/work_system.h(30): warning:  #177-D: variable "sys_last_status"  was declared but never referenced
  	uint8_t sys_last_status;		//ä¸Šæ¬¡å·¥ä½œçŠ¶æ€?
../Inc/work_system.h(31): warning:  #177-D: variable "sys_status"  was declared but never referenced
      uint8_t sys_status;            	//ç³»ç»Ÿå·¥ä½œçŠ¶æ€ï¼š1-å‡†å¤‡æ€ã€?2-è¿è¡Œæ€ã€?3-æ•…éšœæ€ã€?4-æ€¥åœæ€ã€?5-è°ƒè¯•æ€ã€?6-æ‰‹åŠ¨æ€?
../Inc/pump.h(10): warning:  #231-D: declaration is not visible outside of function
  void PUMP_changeSpeed(struct _pump *pump, int16_t speed);
../Inc/pump.h(11): warning:  #231-D: declaration is not visible outside of function
  void PUMP_openPump(struct _pump *pump);
../Inc/pump.h(12): warning:  #231-D: declaration is not visible outside of function
  void PUMP_closePump(struct _pump *pump);
../Inc/pump.h(13): warning:  #231-D: declaration is not visible outside of function
  void PUMP_init(struct _pump *pump);
..\Src\pid.c: 20 warnings, 5 errors
compiling led.c...
../Inc/relay.h(7): error:  #130: expected a "{"
  struct _relay{
../Inc/relay.h(9): error:  #101: "id" has already been declared in the current scope
  	uint8_t id;					//ç»§ç”µå™¨çš„åºå·: 1ä¸ºç»§ç”µå™¨1ï¼?2ä¸ºç»§ç”µå™¨2
../Inc/relay.h(8): warning:  #177-D: variable "status"  was declared but never referenced
  	uint8_t status;            	//ç»§ç”µå™¨çš„çŠ¶æ€?: 0ä¸ºå…³é—­ï¼Œ1ä¸ºå¯¼é€?
../Inc/relay.h(9): warning:  #177-D: variable "id"  was declared but never referenced
  	uint8_t id;					//ç»§ç”µå™¨çš„åºå·: 1ä¸ºç»§ç”µå™¨1ï¼?2ä¸ºç»§ç”µå™¨2
../Inc/relay.h(14): warning:  #231-D: declaration is not visible outside of function
  void RELAY_InitRelay(struct _relay *relay, uint8_t id)
../Inc/relay.h(15): error:  #130: expected a "{"
  void RELAY_OpenRelay(struct _relay *relay);
../Inc/work_system.h(20): warning:  #12-D: parsing restarts here after previous syntax error
  struct _system{
../Inc/work_system.h(21): error:  #70: incomplete type is not allowed
  	struct _pump pump;		//åˆ›å»ºä¸€ä¸ªæ³µ
../Inc/work_system.h(22): error:  #70: incomplete type is not allowed
  	struct _pid pid;		//åˆ›å»ºä¸€ä¸ªpid
../Inc/work_system.h(26): error:  #70: incomplete type is not allowed
  	struct _relay relay_A; //åˆ›å»ºç»§ç”µå™?1
../Inc/work_system.h(27): error:  #70: incomplete type is not allowed
  	struct _rgb rgb;//åˆ›å»ºRGBç?
../Inc/work_system.h(23): warning:  #177-D: variable "pid_mode"  was declared but never referenced
  	uint8_t pid_mode;			//pidæ¨¡å¼ï¼?0ä¸ºç§¯åˆ†åˆ†ç¦»pidï¼?1ä¸ºæ¨¡ç³Špid
../Inc/work_system.h(24): warning:  #177-D: variable "hp5806_A"  was declared but never referenced
  	struct HP5806 hp5806_A, hp5806_B;	//åˆ›å»ºå¤–ç½®ä¸æ¿è½½ä¼ æ„Ÿå™¨
../Inc/work_system.h(24): warning:  #177-D: variable "hp5806_B"  was declared but never referenced
  	struct HP5806 hp5806_A, hp5806_B;	//åˆ›å»ºå¤–ç½®ä¸æ¿è½½ä¼ æ„Ÿå™¨
../Inc/work_system.h(25): warning:  #177-D: variable "set_value"  was declared but never referenced
  	float set_value; //è®¾å®šè´Ÿå‹
../Inc/work_system.h(28): warning:  #177-D: variable "leak_status"  was declared but never referenced
  	uint8_t leak_status;			//æ³„æ¼æ ‡å¿—ä½ï¼š0ä¸ºæœªæ³„æ¼ï¼?1ä¸ºæ³„æ¼?
../Inc/work_system.h(29): warning:  #177-D: variable "wifi_status"  was declared but never referenced
  	uint8_t wifi_status;			//wifiæ ‡å¿—ä½ï¼š0ä¸ºæœªè¿æ¥ï¼?1ä¸ºå·²è¿æ¥
../Inc/work_system.h(30): warning:  #177-D: variable "sys_last_status"  was declared but never referenced
  	uint8_t sys_last_status;		//ä¸Šæ¬¡å·¥ä½œçŠ¶æ€?
../Inc/work_system.h(31): warning:  #177-D: variable "sys_status"  was declared but never referenced
      uint8_t sys_status;            	//ç³»ç»Ÿå·¥ä½œçŠ¶æ€ï¼š1-å‡†å¤‡æ€ã€?2-è¿è¡Œæ€ã€?3-æ•…éšœæ€ã€?4-æ€¥åœæ€ã€?5-è°ƒè¯•æ€ã€?6-æ‰‹åŠ¨æ€?
../Inc/pump.h(10): warning:  #231-D: declaration is not visible outside of function
  void PUMP_changeSpeed(struct _pump *pump, int16_t speed);
../Inc/pump.h(11): warning:  #231-D: declaration is not visible outside of function
  void PUMP_openPump(struct _pump *pump);
../Inc/pump.h(12): warning:  #231-D: declaration is not visible outside of function
  void PUMP_closePump(struct _pump *pump);
../Inc/pump.h(13): warning:  #231-D: declaration is not visible outside of function
  void PUMP_init(struct _pump *pump);
..\Src\led.c(34): error:  #18: expected a ")"
  	rgb->R_status = (status & 0b100) >> 2;
..\Src\led.c(35): error:  #18: expected a ")"
  	rgb->G_status = (status & 0b010) >> 1;
..\Src\led.c(36): error:  #18: expected a ")"
  	rgb->B_status = (status & 0b001);
..\Src\led.c: 16 warnings, 10 errors
compiling relay.c...
../Inc/led.h(8): error:  #130: expected a "{"
  void LED_Init(void);
../Inc/led.h(13): warning:  #12-D: parsing restarts here after previous syntax error
  struct _rgb{
../Inc/led.h(14): warning:  #177-D: variable "R_status"  was declared but never referenced
      uint8_t R_status;           //RGBçš„RçŠ¶æ€ï¼š0ä¸ºç†„ç­ï¼Œ1ä¸ºå¼€å?
../Inc/led.h(15): warning:  #177-D: variable "G_status"  was declared but never referenced
      uint8_t G_status;           //RGBçš„GçŠ¶æ€ï¼š0ä¸ºç†„ç­ï¼Œ1ä¸ºå¼€å?
../Inc/led.h(16): warning:  #177-D: variable "B_status"  was declared but never referenced
      uint8_t B_status;           //RGBçš„BçŠ¶æ€ï¼š0ä¸ºç†„ç­ï¼Œ1ä¸ºå¼€å?
../Inc/led.h(20): warning:  #231-D: declaration is not visible outside of function
  void RGB_Init(struct _rgb *rgb);
../Inc/led.h(21): warning:  #231-D: declaration is not visible outside of function
  void RGB_Change(struct _rgb *rgb, uint8_t status);
../Inc/work_system.h(21): error:  #70: incomplete type is not allowed
  	struct _pump pump;		//åˆ›å»ºä¸€ä¸ªæ³µ
../Inc/work_system.h(22): error:  #70: incomplete type is not allowed
  	struct _pid pid;		//åˆ›å»ºä¸€ä¸ªpid
../Inc/work_system.h(26): error:  #70: incomplete type is not allowed
  	struct _relay relay_A; //åˆ›å»ºç»§ç”µå™?1
../Inc/work_system.h(27): error:  #70: incomplete type is not allowed
  	struct _rgb rgb;//åˆ›å»ºRGBç?
../Inc/relay.h(15): error:  #130: expected a "{"
  void RELAY_OpenRelay(struct _relay *relay);
..\Src\relay.c(4): warning:  #12-D: parsing restarts here after previous syntax error
  {
..\Src\relay.c(6): warning:  #223-D: function "RELAY_CloseRelay" declared implicitly
  	RELAY_CloseRelay(relay);
..\Src\relay.c(24): error:  #159: declaration is incompatible with previous "RELAY_CloseRelay"  (declared at line 6)
  void RELAY_CloseRelay(struct _relay *relay)
..\Src\relay.c: 8 warnings, 7 errors
compiling hp5806.c...
../Inc/relay.h(15): error:  #130: expected a "{"
  void RELAY_OpenRelay(struct _relay *relay);
../Inc/work_system.h(20): warning:  #12-D: parsing restarts here after previous syntax error
  struct _system{
../Inc/work_system.h(21): error:  #70: incomplete type is not allowed
  	struct _pump pump;		//åˆ›å»ºä¸€ä¸ªæ³µ
../Inc/work_system.h(22): error:  #70: incomplete type is not allowed
  	struct _pid pid;		//åˆ›å»ºä¸€ä¸ªpid
../Inc/work_system.h(24): error:  #70: incomplete type is not allowed
  	struct HP5806 hp5806_A, hp5806_B;	//åˆ›å»ºå¤–ç½®ä¸æ¿è½½ä¼ æ„Ÿå™¨
../Inc/work_system.h(24): error:  #70: incomplete type is not allowed
  	struct HP5806 hp5806_A, hp5806_B;	//åˆ›å»ºå¤–ç½®ä¸æ¿è½½ä¼ æ„Ÿå™¨
../Inc/work_system.h(23): warning:  #177-D: variable "pid_mode"  was declared but never referenced
  	uint8_t pid_mode;			//pidæ¨¡å¼ï¼?0ä¸ºç§¯åˆ†åˆ†ç¦»pidï¼?1ä¸ºæ¨¡ç³Špid
../Inc/work_system.h(25): warning:  #177-D: variable "set_value"  was declared but never referenced
  	float set_value; //è®¾å®šè´Ÿå‹
../Inc/work_system.h(26): warning:  #177-D: variable "relay_A"  was declared but never referenced
  	struct _relay relay_A; //åˆ›å»ºç»§ç”µå™?1
../Inc/work_system.h(27): warning:  #177-D: variable "rgb"  was declared but never referenced
  	struct _rgb rgb;//åˆ›å»ºRGBç?
../Inc/work_system.h(28): warning:  #177-D: variable "leak_status"  was declared but never referenced
  	uint8_t leak_status;			//æ³„æ¼æ ‡å¿—ä½ï¼š0ä¸ºæœªæ³„æ¼ï¼?1ä¸ºæ³„æ¼?
../Inc/work_system.h(29): warning:  #177-D: variable "wifi_status"  was declared but never referenced
  	uint8_t wifi_status;			//wifiæ ‡å¿—ä½ï¼š0ä¸ºæœªè¿æ¥ï¼?1ä¸ºå·²è¿æ¥
../Inc/work_system.h(30): warning:  #177-D: variable "sys_last_status"  was declared but never referenced
  	uint8_t sys_last_status;		//ä¸Šæ¬¡å·¥ä½œçŠ¶æ€?
../Inc/work_system.h(31): warning:  #177-D: variable "sys_status"  was declared but never referenced
      uint8_t sys_status;            	//ç³»ç»Ÿå·¥ä½œçŠ¶æ€ï¼š1-å‡†å¤‡æ€ã€?2-è¿è¡Œæ€ã€?3-æ•…éšœæ€ã€?4-æ€¥åœæ€ã€?5-è°ƒè¯•æ€ã€?6-æ‰‹åŠ¨æ€?
../Inc/pump.h(10): warning:  #231-D: declaration is not visible outside of function
  void PUMP_changeSpeed(struct _pump *pump, int16_t speed);
../Inc/pump.h(11): warning:  #231-D: declaration is not visible outside of function
  void PUMP_openPump(struct _pump *pump);
../Inc/pump.h(12): warning:  #231-D: declaration is not visible outside of function
  void PUMP_closePump(struct _pump *pump);
../Inc/pump.h(13): warning:  #231-D: declaration is not visible outside of function
  void PUMP_init(struct _pump *pump);
..\Src\hp5806.c(9): error:  #130: expected a "{"
  void HP5806_run(struct HP5806* hp5806)
..\Src\hp5806.c: 13 warnings, 6 errors
compiling stm32f1xx_it.c...
../Inc/led.h(8): error:  #130: expected a "{"
  void LED_Init(void);
../Inc/led.h(13): warning:  #12-D: parsing restarts here after previous syntax error
  struct _rgb{
../Inc/led.h(14): warning:  #177-D: variable "R_status"  was declared but never referenced
      uint8_t R_status;           //RGBçš„RçŠ¶æ€ï¼š0ä¸ºç†„ç­ï¼Œ1ä¸ºå¼€å?
../Inc/led.h(15): warning:  #177-D: variable "G_status"  was declared but never referenced
      uint8_t G_status;           //RGBçš„GçŠ¶æ€ï¼š0ä¸ºç†„ç­ï¼Œ1ä¸ºå¼€å?
../Inc/led.h(16): warning:  #177-D: variable "B_status"  was declared but never referenced
      uint8_t B_status;           //RGBçš„BçŠ¶æ€ï¼š0ä¸ºç†„ç­ï¼Œ1ä¸ºå¼€å?
../Inc/led.h(20): warning:  #231-D: declaration is not visible outside of function
  void RGB_Init(struct _rgb *rgb);
../Inc/led.h(21): warning:  #231-D: declaration is not visible outside of function
  void RGB_Change(struct _rgb *rgb, uint8_t status);
../Inc/relay.h(15): error:  #130: expected a "{"
  void RELAY_OpenRelay(struct _relay *relay);
../Inc/work_system.h(20): warning:  #12-D: parsing restarts here after previous syntax error
  struct _system{
../Inc/work_system.h(21): error:  #70: incomplete type is not allowed
  	struct _pump pump;		//åˆ›å»ºä¸€ä¸ªæ³µ
../Inc/work_system.h(22): error:  #70: incomplete type is not allowed
  	struct _pid pid;		//åˆ›å»ºä¸€ä¸ªpid
../Inc/work_system.h(27): error:  #70: incomplete type is not allowed
  	struct _rgb rgb;//åˆ›å»ºRGBç?
../Inc/work_system.h(23): warning:  #177-D: variable "pid_mode"  was declared but never referenced
  	uint8_t pid_mode;			//pidæ¨¡å¼ï¼?0ä¸ºç§¯åˆ†åˆ†ç¦»pidï¼?1ä¸ºæ¨¡ç³Špid
../Inc/work_system.h(24): warning:  #177-D: variable "hp5806_A"  was declared but never referenced
  	struct HP5806 hp5806_A, hp5806_B;	//åˆ›å»ºå¤–ç½®ä¸æ¿è½½ä¼ æ„Ÿå™¨
../Inc/work_system.h(24): warning:  #177-D: variable "hp5806_B"  was declared but never referenced
  	struct HP5806 hp5806_A, hp5806_B;	//åˆ›å»ºå¤–ç½®ä¸æ¿è½½ä¼ æ„Ÿå™¨
../Inc/work_system.h(25): warning:  #177-D: variable "set_value"  was declared but never referenced
  	float set_value; //è®¾å®šè´Ÿå‹
../Inc/work_system.h(26): warning:  #177-D: variable "relay_A"  was declared but never referenced
  	struct _relay relay_A; //åˆ›å»ºç»§ç”µå™?1
../Inc/work_system.h(28): warning:  #177-D: variable "leak_status"  was declared but never referenced
  	uint8_t leak_status;			//æ³„æ¼æ ‡å¿—ä½ï¼š0ä¸ºæœªæ³„æ¼ï¼?1ä¸ºæ³„æ¼?
../Inc/work_system.h(29): warning:  #177-D: variable "wifi_status"  was declared but never referenced
  	uint8_t wifi_status;			//wifiæ ‡å¿—ä½ï¼š0ä¸ºæœªè¿æ¥ï¼?1ä¸ºå·²è¿æ¥
../Inc/work_system.h(30): warning:  #177-D: variable "sys_last_status"  was declared but never referenced
  	uint8_t sys_last_status;		//ä¸Šæ¬¡å·¥ä½œçŠ¶æ€?
../Inc/work_system.h(31): warning:  #177-D: variable "sys_status"  was declared but never referenced
      uint8_t sys_status;            	//ç³»ç»Ÿå·¥ä½œçŠ¶æ€ï¼š1-å‡†å¤‡æ€ã€?2-è¿è¡Œæ€ã€?3-æ•…éšœæ€ã€?4-æ€¥åœæ€ã€?5-è°ƒè¯•æ€ã€?6-æ‰‹åŠ¨æ€?
../Inc/pump.h(10): warning:  #231-D: declaration is not visible outside of function
  void PUMP_changeSpeed(struct _pump *pump, int16_t speed);
../Inc/pump.h(11): warning:  #231-D: declaration is not visible outside of function
  void PUMP_openPump(struct _pump *pump);
../Inc/pump.h(12): warning:  #231-D: declaration is not visible outside of function
  void PUMP_closePump(struct _pump *pump);
../Inc/pump.h(13): warning:  #231-D: declaration is not visible outside of function
  void PUMP_init(struct _pump *pump);
../Src/stm32f1xx_it.c: 20 warnings, 5 errors
compiling i2c.c...
../Inc/led.h(8): error:  #130: expected a "{"
  void LED_Init(void);
../Inc/led.h(13): warning:  #12-D: parsing restarts here after previous syntax error
  struct _rgb{
../Inc/led.h(14): warning:  #177-D: variable "R_status"  was declared but never referenced
      uint8_t R_status;           //RGBçš„RçŠ¶æ€ï¼š0ä¸ºç†„ç­ï¼Œ1ä¸ºå¼€å?
../Inc/led.h(15): warning:  #177-D: variable "G_status"  was declared but never referenced
      uint8_t G_status;           //RGBçš„GçŠ¶æ€ï¼š0ä¸ºç†„ç­ï¼Œ1ä¸ºå¼€å?
../Inc/led.h(16): warning:  #177-D: variable "B_status"  was declared but never referenced
      uint8_t B_status;           //RGBçš„BçŠ¶æ€ï¼š0ä¸ºç†„ç­ï¼Œ1ä¸ºå¼€å?
../Inc/led.h(20): warning:  #231-D: declaration is not visible outside of function
  void RGB_Init(struct _rgb *rgb);
../Inc/led.h(21): warning:  #231-D: declaration is not visible outside of function
  void RGB_Change(struct _rgb *rgb, uint8_t status);
../Inc/relay.h(15): error:  #130: expected a "{"
  void RELAY_OpenRelay(struct _relay *relay);
../Inc/work_system.h(20): warning:  #12-D: parsing restarts here after previous syntax error
  struct _system{
../Inc/work_system.h(21): error:  #70: incomplete type is not allowed
  	struct _pump pump;		//åˆ›å»ºä¸€ä¸ªæ³µ
../Inc/work_system.h(22): error:  #70: incomplete type is not allowed
  	struct _pid pid;		//åˆ›å»ºä¸€ä¸ªpid
../Inc/work_system.h(27): error:  #70: incomplete type is not allowed
  	struct _rgb rgb;//åˆ›å»ºRGBç?
../Inc/work_system.h(23): warning:  #177-D: variable "pid_mode"  was declared but never referenced
  	uint8_t pid_mode;			//pidæ¨¡å¼ï¼?0ä¸ºç§¯åˆ†åˆ†ç¦»pidï¼?1ä¸ºæ¨¡ç³Špid
../Inc/work_system.h(24): warning:  #177-D: variable "hp5806_A"  was declared but never referenced
  	struct HP5806 hp5806_A, hp5806_B;	//åˆ›å»ºå¤–ç½®ä¸æ¿è½½ä¼ æ„Ÿå™¨
../Inc/work_system.h(24): warning:  #177-D: variable "hp5806_B"  was declared but never referenced
  	struct HP5806 hp5806_A, hp5806_B;	//åˆ›å»ºå¤–ç½®ä¸æ¿è½½ä¼ æ„Ÿå™¨
../Inc/work_system.h(25): warning:  #177-D: variable "set_value"  was declared but never referenced
  	float set_value; //è®¾å®šè´Ÿå‹
../Inc/work_system.h(26): warning:  #177-D: variable "relay_A"  was declared but never referenced
  	struct _relay relay_A; //åˆ›å»ºç»§ç”µå™?1
../Inc/work_system.h(28): warning:  #177-D: variable "leak_status"  was declared but never referenced
  	uint8_t leak_status;			//æ³„æ¼æ ‡å¿—ä½ï¼š0ä¸ºæœªæ³„æ¼ï¼?1ä¸ºæ³„æ¼?
../Inc/work_system.h(29): warning:  #177-D: variable "wifi_status"  was declared but never referenced
  	uint8_t wifi_status;			//wifiæ ‡å¿—ä½ï¼š0ä¸ºæœªè¿æ¥ï¼?1ä¸ºå·²è¿æ¥
../Inc/work_system.h(30): warning:  #177-D: variable "sys_last_status"  was declared but never referenced
  	uint8_t sys_last_status;		//ä¸Šæ¬¡å·¥ä½œçŠ¶æ€?
../Inc/work_system.h(31): warning:  #177-D: variable "sys_status"  was declared but never referenced
      uint8_t sys_status;            	//ç³»ç»Ÿå·¥ä½œçŠ¶æ€ï¼š1-å‡†å¤‡æ€ã€?2-è¿è¡Œæ€ã€?3-æ•…éšœæ€ã€?4-æ€¥åœæ€ã€?5-è°ƒè¯•æ€ã€?6-æ‰‹åŠ¨æ€?
../Inc/pump.h(10): warning:  #231-D: declaration is not visible outside of function
  void PUMP_changeSpeed(struct _pump *pump, int16_t speed);
../Inc/pump.h(11): warning:  #231-D: declaration is not visible outside of function
  void PUMP_openPump(struct _pump *pump);
../Inc/pump.h(12): warning:  #231-D: declaration is not visible outside of function
  void PUMP_closePump(struct _pump *pump);
../Inc/pump.h(13): warning:  #231-D: declaration is not visible outside of function
  void PUMP_init(struct _pump *pump);
../Src/i2c.c: 20 warnings, 5 errors
compiling main.c...
../Inc/led.h(8): error:  #130: expected a "{"
  void LED_Init(void);
../Inc/led.h(13): warning:  #12-D: parsing restarts here after previous syntax error
  struct _rgb{
../Inc/led.h(14): warning:  #177-D: variable "R_status"  was declared but never referenced
      uint8_t R_status;           //RGBçš„RçŠ¶æ€ï¼š0ä¸ºç†„ç­ï¼Œ1ä¸ºå¼€å?
../Inc/led.h(15): warning:  #177-D: variable "G_status"  was declared but never referenced
      uint8_t G_status;           //RGBçš„GçŠ¶æ€ï¼š0ä¸ºç†„ç­ï¼Œ1ä¸ºå¼€å?
../Inc/led.h(16): warning:  #177-D: variable "B_status"  was declared but never referenced
      uint8_t B_status;           //RGBçš„BçŠ¶æ€ï¼š0ä¸ºç†„ç­ï¼Œ1ä¸ºå¼€å?
../Inc/led.h(20): warning:  #231-D: declaration is not visible outside of function
  void RGB_Init(struct _rgb *rgb);
../Inc/led.h(21): warning:  #231-D: declaration is not visible outside of function
  void RGB_Change(struct _rgb *rgb, uint8_t status);
../Inc/relay.h(15): error:  #130: expected a "{"
  void RELAY_OpenRelay(struct _relay *relay);
../Inc/work_system.h(20): warning:  #12-D: parsing restarts here after previous syntax error
  struct _system{
../Inc/work_system.h(21): error:  #70: incomplete type is not allowed
  	struct _pump pump;		//åˆ›å»ºä¸€ä¸ªæ³µ
../Inc/work_system.h(22): error:  #70: incomplete type is not allowed
  	struct _pid pid;		//åˆ›å»ºä¸€ä¸ªpid
../Inc/work_system.h(27): error:  #70: incomplete type is not allowed
  	struct _rgb rgb;//åˆ›å»ºRGBç?
../Inc/work_system.h(23): warning:  #177-D: variable "pid_mode"  was declared but never referenced
  	uint8_t pid_mode;			//pidæ¨¡å¼ï¼?0ä¸ºç§¯åˆ†åˆ†ç¦»pidï¼?1ä¸ºæ¨¡ç³Špid
../Inc/work_system.h(24): warning:  #177-D: variable "hp5806_A"  was declared but never referenced
  	struct HP5806 hp5806_A, hp5806_B;	//åˆ›å»ºå¤–ç½®ä¸æ¿è½½ä¼ æ„Ÿå™¨
../Inc/work_system.h(24): warning:  #177-D: variable "hp5806_B"  was declared but never referenced
  	struct HP5806 hp5806_A, hp5806_B;	//åˆ›å»ºå¤–ç½®ä¸æ¿è½½ä¼ æ„Ÿå™¨
../Inc/work_system.h(25): warning:  #177-D: variable "set_value"  was declared but never referenced
  	float set_value; //è®¾å®šè´Ÿå‹
../Inc/work_system.h(26): warning:  #177-D: variable "relay_A"  was declared but never referenced
  	struct _relay relay_A; //åˆ›å»ºç»§ç”µå™?1
../Inc/work_system.h(28): warning:  #177-D: variable "leak_status"  was declared but never referenced
  	uint8_t leak_status;			//æ³„æ¼æ ‡å¿—ä½ï¼š0ä¸ºæœªæ³„æ¼ï¼?1ä¸ºæ³„æ¼?
../Inc/work_system.h(29): warning:  #177-D: variable "wifi_status"  was declared but never referenced
  	uint8_t wifi_status;			//wifiæ ‡å¿—ä½ï¼š0ä¸ºæœªè¿æ¥ï¼?1ä¸ºå·²è¿æ¥
../Inc/work_system.h(30): warning:  #177-D: variable "sys_last_status"  was declared but never referenced
  	uint8_t sys_last_status;		//ä¸Šæ¬¡å·¥ä½œçŠ¶æ€?
../Inc/work_system.h(31): warning:  #177-D: variable "sys_status"  was declared but never referenced
      uint8_t sys_status;            	//ç³»ç»Ÿå·¥ä½œçŠ¶æ€ï¼š1-å‡†å¤‡æ€ã€?2-è¿è¡Œæ€ã€?3-æ•…éšœæ€ã€?4-æ€¥åœæ€ã€?5-è°ƒè¯•æ€ã€?6-æ‰‹åŠ¨æ€?
../Inc/pump.h(10): warning:  #231-D: declaration is not visible outside of function
  void PUMP_changeSpeed(struct _pump *pump, int16_t speed);
../Inc/pump.h(11): warning:  #231-D: declaration is not visible outside of function
  void PUMP_openPump(struct _pump *pump);
../Inc/pump.h(12): warning:  #231-D: declaration is not visible outside of function
  void PUMP_closePump(struct _pump *pump);
../Inc/pump.h(13): warning:  #231-D: declaration is not visible outside of function
  void PUMP_init(struct _pump *pump);
../Src/main.c(103): warning:  #223-D: function "LED_Init" declared implicitly
    LED_Init();
../Src/main.c: 21 warnings, 5 errors
compiling tim.c...
../Inc/led.h(8): error:  #130: expected a "{"
  void LED_Init(void);
../Inc/led.h(13): warning:  #12-D: parsing restarts here after previous syntax error
  struct _rgb{
../Inc/led.h(14): warning:  #177-D: variable "R_status"  was declared but never referenced
      uint8_t R_status;           //RGBçš„RçŠ¶æ€ï¼š0ä¸ºç†„ç­ï¼Œ1ä¸ºå¼€å?
../Inc/led.h(15): warning:  #177-D: variable "G_status"  was declared but never referenced
      uint8_t G_status;           //RGBçš„GçŠ¶æ€ï¼š0ä¸ºç†„ç­ï¼Œ1ä¸ºå¼€å?
../Inc/led.h(16): warning:  #177-D: variable "B_status"  was declared but never referenced
      uint8_t B_status;           //RGBçš„BçŠ¶æ€ï¼š0ä¸ºç†„ç­ï¼Œ1ä¸ºå¼€å?
../Inc/led.h(20): warning:  #231-D: declaration is not visible outside of function
  void RGB_Init(struct _rgb *rgb);
../Inc/led.h(21): warning:  #231-D: declaration is not visible outside of function
  void RGB_Change(struct _rgb *rgb, uint8_t status);
../Inc/relay.h(15): error:  #130: expected a "{"
  void RELAY_OpenRelay(struct _relay *relay);
../Inc/pump.h(28): warning:  #12-D: parsing restarts here after previous syntax error
  struct _pump{
../Inc/pump.h(29): warning:  #177-D: variable "pwm"  was declared but never referenced
      float pwm;            		//æ³µçš„å ç©ºæ¯?,èŒƒå›´0%-100%ä¹‹é—´çš„æµ®ç‚¹æ•°
../Inc/pump.h(30): warning:  #177-D: variable "status"  was declared but never referenced
  	uint8_t status;            	//æ³µçš„çŠ¶æ€?: 0ä¸ºåœæ­¢ï¼Œ1ä¸ºè¿è¡Œæˆ–å‡†å¤‡
../Inc/pump.h(31): warning:  #177-D: variable "frequency"  was declared but never referenced
  	float frequency;          //æ³µçš„è¿è¡Œé¢‘ç‡ï¼Œå•ä½ä¸ºHz
../Inc/work_system.h(21): error:  #70: incomplete type is not allowed
  	struct _pump pump;		//åˆ›å»ºä¸€ä¸ªæ³µ
../Inc/work_system.h(22): error:  #70: incomplete type is not allowed
  	struct _pid pid;		//åˆ›å»ºä¸€ä¸ªpid
../Inc/work_system.h(27): error:  #70: incomplete type is not allowed
  	struct _rgb rgb;//åˆ›å»ºRGBç?
../Src/tim.c(286): warning:  #223-D: function "HP5806_Run" declared implicitly
  		HP5806_Run(&system.hp5806_A);
../Src/tim.c(289): warning:  #223-D: function "PUMP_changeSpeed" declared implicitly
  		PUMP_changeSpeed(&system.pump, &system.pid.voltage);	
../Src/tim.c: 12 warnings, 5 errors
compiling gpio.c...
../Inc/led.h(8): error:  #130: expected a "{"
  void LED_Init(void);
../Inc/led.h(13): warning:  #12-D: parsing restarts here after previous syntax error
  struct _rgb{
../Inc/led.h(14): warning:  #177-D: variable "R_status"  was declared but never referenced
      uint8_t R_status;           //RGBçš„RçŠ¶æ€ï¼š0ä¸ºç†„ç­ï¼Œ1ä¸ºå¼€å?
../Inc/led.h(15): warning:  #177-D: variable "G_status"  was declared but never referenced
      uint8_t G_status;           //RGBçš„GçŠ¶æ€ï¼š0ä¸ºç†„ç­ï¼Œ1ä¸ºå¼€å?
../Inc/led.h(16): warning:  #177-D: variable "B_status"  was declared but never referenced
      uint8_t B_status;           //RGBçš„BçŠ¶æ€ï¼š0ä¸ºç†„ç­ï¼Œ1ä¸ºå¼€å?
../Inc/led.h(20): warning:  #231-D: declaration is not visible outside of function
  void RGB_Init(struct _rgb *rgb);
../Inc/led.h(21): warning:  #231-D: declaration is not visible outside of function
  void RGB_Change(struct _rgb *rgb, uint8_t status);
../Inc/relay.h(15): error:  #130: expected a "{"
  void RELAY_OpenRelay(struct _relay *relay);
../Inc/work_system.h(20): warning:  #12-D: parsing restarts here after previous syntax error
  struct _system{
../Inc/work_system.h(21): error:  #70: incomplete type is not allowed
  	struct _pump pump;		//åˆ›å»ºä¸€ä¸ªæ³µ
../Inc/work_system.h(22): error:  #70: incomplete type is not allowed
  	struct _pid pid;		//åˆ›å»ºä¸€ä¸ªpid
../Inc/work_system.h(27): error:  #70: incomplete type is not allowed
  	struct _rgb rgb;//åˆ›å»ºRGBç?
../Inc/work_system.h(23): warning:  #177-D: variable "pid_mode"  was declared but never referenced
  	uint8_t pid_mode;			//pidæ¨¡å¼ï¼?0ä¸ºç§¯åˆ†åˆ†ç¦»pidï¼?1ä¸ºæ¨¡ç³Špid
../Inc/work_system.h(24): warning:  #177-D: variable "hp5806_A"  was declared but never referenced
  	struct HP5806 hp5806_A, hp5806_B;	//åˆ›å»ºå¤–ç½®ä¸æ¿è½½ä¼ æ„Ÿå™¨
../Inc/work_system.h(24): warning:  #177-D: variable "hp5806_B"  was declared but never referenced
  	struct HP5806 hp5806_A, hp5806_B;	//åˆ›å»ºå¤–ç½®ä¸æ¿è½½ä¼ æ„Ÿå™¨
../Inc/work_system.h(25): warning:  #177-D: variable "set_value"  was declared but never referenced
  	float set_value; //è®¾å®šè´Ÿå‹
../Inc/work_system.h(26): warning:  #177-D: variable "relay_A"  was declared but never referenced
  	struct _relay relay_A; //åˆ›å»ºç»§ç”µå™?1
../Inc/work_system.h(28): warning:  #177-D: variable "leak_status"  was declared but never referenced
  	uint8_t leak_status;			//æ³„æ¼æ ‡å¿—ä½ï¼š0ä¸ºæœªæ³„æ¼ï¼?1ä¸ºæ³„æ¼?
../Inc/work_system.h(29): warning:  #177-D: variable "wifi_status"  was declared but never referenced
  	uint8_t wifi_status;			//wifiæ ‡å¿—ä½ï¼š0ä¸ºæœªè¿æ¥ï¼?1ä¸ºå·²è¿æ¥
../Inc/work_system.h(30): warning:  #177-D: variable "sys_last_status"  was declared but never referenced
  	uint8_t sys_last_status;		//ä¸Šæ¬¡å·¥ä½œçŠ¶æ€?
../Inc/work_system.h(31): warning:  #177-D: variable "sys_status"  was declared but never referenced
      uint8_t sys_status;            	//ç³»ç»Ÿå·¥ä½œçŠ¶æ€ï¼š1-å‡†å¤‡æ€ã€?2-è¿è¡Œæ€ã€?3-æ•…éšœæ€ã€?4-æ€¥åœæ€ã€?5-è°ƒè¯•æ€ã€?6-æ‰‹åŠ¨æ€?
../Inc/pump.h(10): warning:  #231-D: declaration is not visible outside of function
  void PUMP_changeSpeed(struct _pump *pump, int16_t speed);
../Inc/pump.h(11): warning:  #231-D: declaration is not visible outside of function
  void PUMP_openPump(struct _pump *pump);
../Inc/pump.h(12): warning:  #231-D: declaration is not visible outside of function
  void PUMP_closePump(struct _pump *pump);
../Inc/pump.h(13): warning:  #231-D: declaration is not visible outside of function
  void PUMP_init(struct _pump *pump);
../Src/gpio.c: 20 warnings, 5 errors
compiling stm32f1xx_hal_msp.c...
../Inc/led.h(8): error:  #130: expected a "{"
  void LED_Init(void);
../Inc/led.h(13): warning:  #12-D: parsing restarts here after previous syntax error
  struct _rgb{
../Inc/led.h(14): warning:  #177-D: variable "R_status"  was declared but never referenced
      uint8_t R_status;           //RGBçš„RçŠ¶æ€ï¼š0ä¸ºç†„ç­ï¼Œ1ä¸ºå¼€å?
../Inc/led.h(15): warning:  #177-D: variable "G_status"  was declared but never referenced
      uint8_t G_status;           //RGBçš„GçŠ¶æ€ï¼š0ä¸ºç†„ç­ï¼Œ1ä¸ºå¼€å?
../Inc/led.h(16): warning:  #177-D: variable "B_status"  was declared but never referenced
      uint8_t B_status;           //RGBçš„BçŠ¶æ€ï¼š0ä¸ºç†„ç­ï¼Œ1ä¸ºå¼€å?
../Inc/led.h(20): warning:  #231-D: declaration is not visible outside of function
  void RGB_Init(struct _rgb *rgb);
../Inc/led.h(21): warning:  #231-D: declaration is not visible outside of function
  void RGB_Change(struct _rgb *rgb, uint8_t status);
../Inc/relay.h(15): error:  #130: expected a "{"
  void RELAY_OpenRelay(struct _relay *relay);
../Inc/work_system.h(20): warning:  #12-D: parsing restarts here after previous syntax error
  struct _system{
../Inc/work_system.h(21): error:  #70: incomplete type is not allowed
  	struct _pump pump;		//åˆ›å»ºä¸€ä¸ªæ³µ
../Inc/work_system.h(22): error:  #70: incomplete type is not allowed
  	struct _pid pid;		//åˆ›å»ºä¸€ä¸ªpid
../Inc/work_system.h(27): error:  #70: incomplete type is not allowed
  	struct _rgb rgb;//åˆ›å»ºRGBç?
../Inc/work_system.h(23): warning:  #177-D: variable "pid_mode"  was declared but never referenced
  	uint8_t pid_mode;			//pidæ¨¡å¼ï¼?0ä¸ºç§¯åˆ†åˆ†ç¦»pidï¼?1ä¸ºæ¨¡ç³Špid
../Inc/work_system.h(24): warning:  #177-D: variable "hp5806_A"  was declared but never referenced
  	struct HP5806 hp5806_A, hp5806_B;	//åˆ›å»ºå¤–ç½®ä¸æ¿è½½ä¼ æ„Ÿå™¨
../Inc/work_system.h(24): warning:  #177-D: variable "hp5806_B"  was declared but never referenced
  	struct HP5806 hp5806_A, hp5806_B;	//åˆ›å»ºå¤–ç½®ä¸æ¿è½½ä¼ æ„Ÿå™¨
../Inc/work_system.h(25): warning:  #177-D: variable "set_value"  was declared but never referenced
  	float set_value; //è®¾å®šè´Ÿå‹
../Inc/work_system.h(26): warning:  #177-D: variable "relay_A"  was declared but never referenced
  	struct _relay relay_A; //åˆ›å»ºç»§ç”µå™?1
../Inc/work_system.h(28): warning:  #177-D: variable "leak_status"  was declared but never referenced
  	uint8_t leak_status;			//æ³„æ¼æ ‡å¿—ä½ï¼š0ä¸ºæœªæ³„æ¼ï¼?1ä¸ºæ³„æ¼?
../Inc/work_system.h(29): warning:  #177-D: variable "wifi_status"  was declared but never referenced
  	uint8_t wifi_status;			//wifiæ ‡å¿—ä½ï¼š0ä¸ºæœªè¿æ¥ï¼?1ä¸ºå·²è¿æ¥
../Inc/work_system.h(30): warning:  #177-D: variable "sys_last_status"  was declared but never referenced
  	uint8_t sys_last_status;		//ä¸Šæ¬¡å·¥ä½œçŠ¶æ€?
../Inc/work_system.h(31): warning:  #177-D: variable "sys_status"  was declared but never referenced
      uint8_t sys_status;            	//ç³»ç»Ÿå·¥ä½œçŠ¶æ€ï¼š1-å‡†å¤‡æ€ã€?2-è¿è¡Œæ€ã€?3-æ•…éšœæ€ã€?4-æ€¥åœæ€ã€?5-è°ƒè¯•æ€ã€?6-æ‰‹åŠ¨æ€?
../Inc/pump.h(10): warning:  #231-D: declaration is not visible outside of function
  void PUMP_changeSpeed(struct _pump *pump, int16_t speed);
../Inc/pump.h(11): warning:  #231-D: declaration is not visible outside of function
  void PUMP_openPump(struct _pump *pump);
../Inc/pump.h(12): warning:  #231-D: declaration is not visible outside of function
  void PUMP_closePump(struct _pump *pump);
../Inc/pump.h(13): warning:  #231-D: declaration is not visible outside of function
  void PUMP_init(struct _pump *pump);
../Src/stm32f1xx_hal_msp.c: 20 warnings, 5 errors
compiling usart.c...
../Inc/led.h(8): error:  #130: expected a "{"
  void LED_Init(void);
../Inc/led.h(13): warning:  #12-D: parsing restarts here after previous syntax error
  struct _rgb{
../Inc/led.h(14): warning:  #177-D: variable "R_status"  was declared but never referenced
      uint8_t R_status;           //RGBçš„RçŠ¶æ€ï¼š0ä¸ºç†„ç­ï¼Œ1ä¸ºå¼€å?
../Inc/led.h(15): warning:  #177-D: variable "G_status"  was declared but never referenced
      uint8_t G_status;           //RGBçš„GçŠ¶æ€ï¼š0ä¸ºç†„ç­ï¼Œ1ä¸ºå¼€å?
../Inc/led.h(16): warning:  #177-D: variable "B_status"  was declared but never referenced
      uint8_t B_status;           //RGBçš„BçŠ¶æ€ï¼š0ä¸ºç†„ç­ï¼Œ1ä¸ºå¼€å?
../Inc/led.h(20): warning:  #231-D: declaration is not visible outside of function
  void RGB_Init(struct _rgb *rgb);
../Inc/led.h(21): warning:  #231-D: declaration is not visible outside of function
  void RGB_Change(struct _rgb *rgb, uint8_t status);
../Inc/relay.h(15): error:  #130: expected a "{"
  void RELAY_OpenRelay(struct _relay *relay);
../Inc/work_system.h(20): warning:  #12-D: parsing restarts here after previous syntax error
  struct _system{
../Inc/work_system.h(21): error:  #70: incomplete type is not allowed
  	struct _pump pump;		//åˆ›å»ºä¸€ä¸ªæ³µ
../Inc/work_system.h(22): error:  #70: incomplete type is not allowed
  	struct _pid pid;		//åˆ›å»ºä¸€ä¸ªpid
../Inc/work_system.h(27): error:  #70: incomplete type is not allowed
  	struct _rgb rgb;//åˆ›å»ºRGBç?
../Inc/work_system.h(23): warning:  #177-D: variable "pid_mode"  was declared but never referenced
  	uint8_t pid_mode;			//pidæ¨¡å¼ï¼?0ä¸ºç§¯åˆ†åˆ†ç¦»pidï¼?1ä¸ºæ¨¡ç³Špid
../Inc/work_system.h(24): warning:  #177-D: variable "hp5806_A"  was declared but never referenced
  	struct HP5806 hp5806_A, hp5806_B;	//åˆ›å»ºå¤–ç½®ä¸æ¿è½½ä¼ æ„Ÿå™¨
../Inc/work_system.h(24): warning:  #177-D: variable "hp5806_B"  was declared but never referenced
  	struct HP5806 hp5806_A, hp5806_B;	//åˆ›å»ºå¤–ç½®ä¸æ¿è½½ä¼ æ„Ÿå™¨
../Inc/work_system.h(25): warning:  #177-D: variable "set_value"  was declared but never referenced
  	float set_value; //è®¾å®šè´Ÿå‹
../Inc/work_system.h(26): warning:  #177-D: variable "relay_A"  was declared but never referenced
  	struct _relay relay_A; //åˆ›å»ºç»§ç”µå™?1
../Inc/work_system.h(28): warning:  #177-D: variable "leak_status"  was declared but never referenced
  	uint8_t leak_status;			//æ³„æ¼æ ‡å¿—ä½ï¼š0ä¸ºæœªæ³„æ¼ï¼?1ä¸ºæ³„æ¼?
../Inc/work_system.h(29): warning:  #177-D: variable "wifi_status"  was declared but never referenced
  	uint8_t wifi_status;			//wifiæ ‡å¿—ä½ï¼š0ä¸ºæœªè¿æ¥ï¼?1ä¸ºå·²è¿æ¥
../Inc/work_system.h(30): warning:  #177-D: variable "sys_last_status"  was declared but never referenced
  	uint8_t sys_last_status;		//ä¸Šæ¬¡å·¥ä½œçŠ¶æ€?
../Inc/work_system.h(31): warning:  #177-D: variable "sys_status"  was declared but never referenced
      uint8_t sys_status;            	//ç³»ç»Ÿå·¥ä½œçŠ¶æ€ï¼š1-å‡†å¤‡æ€ã€?2-è¿è¡Œæ€ã€?3-æ•…éšœæ€ã€?4-æ€¥åœæ€ã€?5-è°ƒè¯•æ€ã€?6-æ‰‹åŠ¨æ€?
../Inc/pump.h(10): warning:  #231-D: declaration is not visible outside of function
  void PUMP_changeSpeed(struct _pump *pump, int16_t speed);
../Inc/pump.h(11): warning:  #231-D: declaration is not visible outside of function
  void PUMP_openPump(struct _pump *pump);
../Inc/pump.h(12): warning:  #231-D: declaration is not visible outside of function
  void PUMP_closePump(struct _pump *pump);
../Inc/pump.h(13): warning:  #231-D: declaration is not visible outside of function
  void PUMP_init(struct _pump *pump);
../Src/usart.c: 20 warnings, 5 errors
"Vacuum_Controller\Vacuum_Controller.axf" - 83 Error(s), 248 Warning(s).
Target not created.
Build Time Elapsed:  00:00:08
